<?xml version="1.0" encoding="UTF-8" standalone="yes"?>
<TestData>
    <this>
        <is>
            <xml>
                <Data>Test</Data>
            </xml>
        </is>
    </this>
</TestData>